#
# There is insufficient memory for the Java Runtime Environment to continue.
# Native memory allocation (mmap) failed to map 65536 bytes. Error detail: Failed to commit metaspace.
# Possible reasons:
#   The system is out of physical RAM or swap space
#   This process is running with CompressedOops enabled, and the Java Heap may be blocking the growth of the native heap
# Possible solutions:
#   Reduce memory load on the system
#   Increase physical memory or swap space
#   Check if swap backing store is full
#   Decrease Java heap size (-Xmx/-Xms)
#   Decrease number of Java threads
#   Decrease Java thread stack sizes (-Xss)
#   Set larger code cache with -XX:ReservedCodeCacheSize=
#   JVM is running with Unscaled Compressed Oops mode in which the Java heap is
#     placed in the first 4GB address space. The Java Heap base address is the
#     maximum limit for the native heap growth. Please use -XX:HeapBaseMinAddress
#     to set the Java Heap base and to place the Java Heap above 4GB virtual address.
# This output file may be truncated or incomplete.
#
#  Out of Memory Error (virtualSpaceNode.cpp:113), pid=16712, tid=31104
#
# JRE version: OpenJDK Runtime Environment JBR-21.0.6+8-631.39-jcef (21.0.6+8) (build 21.0.6+8-b631.39)
# Java VM: OpenJDK 64-Bit Server VM JBR-21.0.6+8-631.39-jcef (21.0.6+8-b631.39, mixed mode, tiered, compressed oops, compressed class ptrs, g1 gc, windows-amd64)
# No core dump will be written. Minidumps are not enabled by default on client versions of Windows
#

---------------  S U M M A R Y ------------

Command Line: -Djava.rmi.server.hostname=127.0.0.1 -Duser.timezone=UTC -Xmx2048m -Xms128m -Djdbc.classpath=C:\Users\tedtid\AppData\Local\Temp\RemoteDriver11.classpath.txt --add-exports=java.desktop/sun.awt=ALL-UNNAMED --add-exports=java.desktop/java.awt.peer=ALL-UNNAMED --add-opens=java.desktop/java.awt=ALL-UNNAMED --add-opens=jdk.unsupported/sun.misc=ALL-UNNAMED --add-opens=java.base/java.nio=ALL-UNNAMED --add-opens=java.base/java.util=ALL-UNNAMED -Dfile.encoding=UTF-8 -Dsun.stdout.encoding=UTF-8 -Dsun.stderr.encoding=UTF-8 com.intellij.database.remote.RemoteJdbcServer com.mysql.cj.jdbc.Driver

Host: AMD Ryzen 7 PRO 4750U with Radeon Graphics, 16 cores, 15G,  Windows 10 , 64 bit Build 19041 (10.0.19041.5678)
Time: Mon May 12 19:39:10 2025  Windows 10 , 64 bit Build 19041 (10.0.19041.5678) elapsed time: 0.407621 seconds (0d 0h 0m 0s)

---------------  T H R E A D  ---------------

Current thread (0x0000022c44a00c80):  JavaThread "main"             [_thread_in_vm, id=31104, stack(0x000000df57000000,0x000000df57100000) (1024K)]

Stack: [0x000000df57000000,0x000000df57100000]
Native frames: (J=compiled Java code, j=interpreted, Vv=VM code, C=native code)
V  [jvm.dll+0x6e5d39]
V  [jvm.dll+0x8c4133]
V  [jvm.dll+0x8c668e]
V  [jvm.dll+0x8c6d73]
V  [jvm.dll+0x288f76]
V  [jvm.dll+0x8bef7e]
V  [jvm.dll+0x686a35]
V  [jvm.dll+0x686a9a]
V  [jvm.dll+0x6892b6]
V  [jvm.dll+0x689182]
V  [jvm.dll+0x6873ee]
V  [jvm.dll+0x2726cf]
V  [jvm.dll+0x691675]
V  [jvm.dll+0x21d23c]
V  [jvm.dll+0x21d785]
V  [jvm.dll+0x21e166]
V  [jvm.dll+0x2131b9]
V  [jvm.dll+0x5c4533]
V  [jvm.dll+0x224bfb]
V  [jvm.dll+0x83af3c]
V  [jvm.dll+0x83bfe2]
V  [jvm.dll+0x83c5a4]
V  [jvm.dll+0x83c238]
V  [jvm.dll+0x2760ab]
V  [jvm.dll+0x2762c5]
V  [jvm.dll+0x5e7437]
V  [jvm.dll+0x5ea52e]
V  [jvm.dll+0x3e75d0]
V  [jvm.dll+0x3e6c4d]
C  0x0000022c520696d5

The last pc belongs to invokestatic (printed below).
Java frames: (J=compiled Java code, j=interpreted, Vv=VM code)
j  java.util.zip.ZipFile.<init>(Ljava/io/File;ILjava/nio/charset/Charset;)V+129 java.base@21.0.6
j  java.util.zip.ZipFile.<init>(Ljava/io/File;I)V+6 java.base@21.0.6
j  java.util.jar.JarFile.<init>(Ljava/io/File;ZILjava/lang/Runtime$Version;)V+3 java.base@21.0.6
j  jdk.internal.loader.URLClassPath$JarLoader.getJarFile(Ljava/net/URL;)Ljava/util/jar/JarFile;+56 java.base@21.0.6
j  jdk.internal.loader.URLClassPath$JarLoader$1.run()Ljava/lang/Void;+55 java.base@21.0.6
j  jdk.internal.loader.URLClassPath$JarLoader$1.run()Ljava/lang/Object;+1 java.base@21.0.6
j  java.security.AccessController.executePrivileged(Ljava/security/PrivilegedExceptionAction;Ljava/security/AccessControlContext;Ljava/lang/Class;)Ljava/lang/Object;+29 java.base@21.0.6
j  java.security.AccessController.doPrivileged(Ljava/security/PrivilegedExceptionAction;Ljava/security/AccessControlContext;)Ljava/lang/Object;+13 java.base@21.0.6
j  jdk.internal.loader.URLClassPath$JarLoader.ensureOpen()V+19 java.base@21.0.6
j  jdk.internal.loader.URLClassPath$JarLoader.<init>(Ljava/net/URL;Ljava/net/URLStreamHandler;Ljava/util/HashMap;Ljava/security/AccessControlContext;)V+59 java.base@21.0.6
j  jdk.internal.loader.URLClassPath$3.run()Ljdk/internal/loader/URLClassPath$Loader;+168 java.base@21.0.6
j  jdk.internal.loader.URLClassPath$3.run()Ljava/lang/Object;+1 java.base@21.0.6
j  java.security.AccessController.executePrivileged(Ljava/security/PrivilegedExceptionAction;Ljava/security/AccessControlContext;Ljava/lang/Class;)Ljava/lang/Object;+29 java.base@21.0.6
j  java.security.AccessController.doPrivileged(Ljava/security/PrivilegedExceptionAction;Ljava/security/AccessControlContext;)Ljava/lang/Object;+13 java.base@21.0.6
j  jdk.internal.loader.URLClassPath.getLoader(Ljava/net/URL;)Ljdk/internal/loader/URLClassPath$Loader;+13 java.base@21.0.6
j  jdk.internal.loader.URLClassPath.getLoader(I)Ljdk/internal/loader/URLClassPath$Loader;+81 java.base@21.0.6
j  jdk.internal.loader.URLClassPath.getResource(Ljava/lang/String;Z)Ljdk/internal/loader/Resource;+42 java.base@21.0.6
j  jdk.internal.loader.BuiltinClassLoader.findClassOnClassPathOrNull(Ljava/lang/String;)Ljava/lang/Class;+26 java.base@21.0.6
j  jdk.internal.loader.BuiltinClassLoader.loadClassOrNull(Ljava/lang/String;Z)Ljava/lang/Class;+111 java.base@21.0.6
j  jdk.internal.loader.BuiltinClassLoader.loadClass(Ljava/lang/String;Z)Ljava/lang/Class;+3 java.base@21.0.6
j  jdk.internal.loader.ClassLoaders$AppClassLoader.loadClass(Ljava/lang/String;Z)Ljava/lang/Class;+36 java.base@21.0.6
j  java.lang.ClassLoader.loadClass(Ljava/lang/String;)Ljava/lang/Class;+3 java.base@21.0.6
v  ~StubRoutines::call_stub 0x0000022c5205100d
j  java.lang.Class.forName0(Ljava/lang/String;ZLjava/lang/ClassLoader;Ljava/lang/Class;)Ljava/lang/Class;+0 java.base@21.0.6
j  java.lang.Class.forName(Ljava/lang/String;ZLjava/lang/ClassLoader;Ljava/lang/Class;)Ljava/lang/Class;+37 java.base@21.0.6
j  java.lang.Class.forName(Ljava/lang/String;ZLjava/lang/ClassLoader;)Ljava/lang/Class;+20 java.base@21.0.6
j  sun.launcher.LauncherHelper.loadMainClass(ILjava/lang/String;)Ljava/lang/Class;+95 java.base@21.0.6
j  sun.launcher.LauncherHelper.checkAndLoadMain(ZILjava/lang/String;)Ljava/lang/Class;+42 java.base@21.0.6
v  ~StubRoutines::call_stub 0x0000022c5205100d
invokestatic  184 invokestatic  [0x0000022c52069620, 0x0000022c520698d0]  688 bytes
[MachCode]
  0x0000022c52069620: 4883 ec08 | c5fa 1104 | 24eb 1f48 | 83ec 10c5 | fb11 0424 | eb14 4883 | ec10 4889 | 0424 48c7 
  0x0000022c52069640: 4424 0800 | 0000 00eb | 0150 4c89 | 6dc0 410f | b755 0148 | 8b4d d0c1 | e202 8b5c | d138 c1eb 
  0x0000022c52069660: 1081 e3ff | 0000 0081 | fbb8 0000 | 000f 84b4 | 0000 00bb | b800 0000 | e805 0000 | 00e9 9900 
  0x0000022c52069680: 0000 488b | d348 8d44 | 2408 4c89 | 6dc0 498b | cfc5 f877 | 4989 afa8 | 0300 0049 | 8987 9803 
  0x0000022c520696a0: 0000 4883 | ec20 40f6 | c40f 0f84 | 1900 0000 | 4883 ec08 | 48b8 e06b | 0264 fb7f | 0000 ffd0 
  0x0000022c520696c0: 4883 c408 | e90c 0000 | 0048 b8e0 | 6b02 64fb | 7f00 00ff | d048 83c4 | 2049 c787 | 9803 0000 
  0x0000022c520696e0: 0000 0000 | 49c7 87a8 | 0300 0000 | 0000 0049 | c787 a003 | 0000 0000 | 0000 c5f8 | 7749 837f 
  0x0000022c52069700: 0800 0f84 | 0500 0000 | e9f3 77fe | ff4c 8b6d | c04c 8b75 | c84e 8d74 | f500 c341 | 0fb7 5501 
  0x0000022c52069720: 488b 4dd0 | c1e2 0248 | 8b5c d140 | 488b 5b08 | 488b 5b08 | 488b 5b18 | 80bb 4101 | 0000 040f 
  0x0000022c52069740: 840d 0000 | 004c 3bbb | 4801 0000 | 0f85 21ff | ffff 488b | 5cd1 408b | 54d1 50c1 | ea1c 49ba 
  0x0000022c52069760: d0e7 9164 | fb7f 0000 | 498b 14d2 | 5248 8b45 | d848 85c0 | 0f84 1200 | 0000 4883 | 4008 0148 
  0x0000022c52069780: 8358 0800 | 4883 c010 | 4889 45d8 | 488b 45d8 | 4885 c00f | 842b 0100 | 0080 78f0 | 0a0f 8521 
  0x0000022c520697a0: 0100 0048 | 83c0 084c | 8b68 f841 | 83ed 0041 | 83fd 020f | 8c00 0100 | 004c 8b6b | 0845 0fb7 
  0x0000022c520697c0: 6d2e 4c2b | 2841 83ed | 014e 8b6c | ec08 4d85 | ed75 0ef6 | 4008 0175 | 4ff0 4883 | 4808 01eb 
  0x0000022c520697e0: 4745 8b6d | 0849 c1e5 | 034d 8bd5 | 4c33 6808 | 49f7 c5fc | ffff ff74 | 2f41 f6c5 | 0275 2948 
  0x0000022c52069800: 8378 0800 | 741e 4883 | 7808 0174 | 174d 8bea | 4c33 6808 | 49f7 c5fc | ffff ff74 | 0b48 8348 
  0x0000022c52069820: 0802 eb04 | 4c89 6808 | 4883 c010 | 4c8b 68e8 | 4183 ed02 | 4183 fd02 | 0f8c 7b00 | 0000 4c8b 
  0x0000022c52069840: 6b08 450f | b76d 2e4c | 2b28 4183 | ed01 4e8b | 6cec 084d | 85ed 750e | f640 0801 | 754f f048 
  0x0000022c52069860: 8348 0801 | eb47 458b | 6d08 49c1 | e503 4d8b | d54c 3368 | 0849 f7c5 | fcff ffff | 742f 41f6 
  0x0000022c52069880: c502 7529 | 4883 7808 | 0074 1e48 | 8378 0801 | 7417 4d8b | ea4c 3368 | 0849 f7c5 | fcff ffff 
  0x0000022c520698a0: 740b 4883 | 4808 02eb | 044c 8968 | 0848 83c0 | 104c 8b68 | d841 83ed | 0441 c1e5 | 0349 03c5 
  0x0000022c520698c0: 4889 45d8 | 4c8d 6c24 | 084c 896d | f0ff 6368 
[/MachCode]

---------------  P R O C E S S  ---------------

Threads class SMR info:
_java_thread_list=0x0000022c00200a50, length=12, elements={
0x0000022c44a00c80, 0x0000022c001e5970, 0x0000022c001e6880, 0x0000022c00217200,
0x0000022c00217c50, 0x0000022c00218ab0, 0x0000022c0021af80, 0x0000022c0020db40,
0x0000022c00234b20, 0x0000022c002d55a0, 0x0000022c003dc5d0, 0x0000022c003e1650
}

Java Threads: ( => current thread )
=>0x0000022c44a00c80 JavaThread "main"                              [_thread_in_vm, id=31104, stack(0x000000df57000000,0x000000df57100000) (1024K)]
  0x0000022c001e5970 JavaThread "Reference Handler"          daemon [_thread_blocked, id=21620, stack(0x000000df57800000,0x000000df57900000) (1024K)]
  0x0000022c001e6880 JavaThread "Finalizer"                  daemon [_thread_blocked, id=17160, stack(0x000000df57900000,0x000000df57a00000) (1024K)]
  0x0000022c00217200 JavaThread "Signal Dispatcher"          daemon [_thread_blocked, id=24132, stack(0x000000df57a00000,0x000000df57b00000) (1024K)]
  0x0000022c00217c50 JavaThread "Attach Listener"            daemon [_thread_blocked, id=18532, stack(0x000000df57b00000,0x000000df57c00000) (1024K)]
  0x0000022c00218ab0 JavaThread "Service Thread"             daemon [_thread_blocked, id=30952, stack(0x000000df57c00000,0x000000df57d00000) (1024K)]
  0x0000022c0021af80 JavaThread "Monitor Deflation Thread"   daemon [_thread_blocked, id=2636, stack(0x000000df57d00000,0x000000df57e00000) (1024K)]
  0x0000022c0020db40 JavaThread "C2 CompilerThread0"         daemon [_thread_blocked, id=24892, stack(0x000000df57e00000,0x000000df57f00000) (1024K)]
  0x0000022c00234b20 JavaThread "C1 CompilerThread0"         daemon [_thread_blocked, id=25712, stack(0x000000df57f00000,0x000000df58000000) (1024K)]
  0x0000022c002d55a0 JavaThread "C1 CompilerThread1"         daemon [_thread_blocked, id=19320, stack(0x000000df58000000,0x000000df58100000) (1024K)]
  0x0000022c003dc5d0 JavaThread "Common-Cleaner"             daemon [_thread_blocked, id=11548, stack(0x000000df58100000,0x000000df58200000) (1024K)]
  0x0000022c003e1650 JavaThread "Notification Thread"        daemon [_thread_blocked, id=18096, stack(0x000000df58200000,0x000000df58300000) (1024K)]
Total: 12

Other Threads:
  0x0000022c0014e080 VMThread "VM Thread"                           [id=21716, stack(0x000000df57700000,0x000000df57800000) (1024K)]
  0x0000022c5fc111b0 WatcherThread "VM Periodic Task Thread"        [id=20384, stack(0x000000df57600000,0x000000df57700000) (1024K)]
  0x0000022c46cb6330 WorkerThread "GC Thread#0"                     [id=10644, stack(0x000000df57100000,0x000000df57200000) (1024K)]
  0x0000022c46cc74c0 ConcurrentGCThread "G1 Main Marker"            [id=29228, stack(0x000000df57200000,0x000000df57300000) (1024K)]
  0x0000022c46cc8770 WorkerThread "G1 Conc#0"                       [id=18608, stack(0x000000df57300000,0x000000df57400000) (1024K)]
  0x0000022c46d2ea80 ConcurrentGCThread "G1 Refine#0"               [id=20984, stack(0x000000df57400000,0x000000df57500000) (1024K)]
  0x0000022c5faceba0 ConcurrentGCThread "G1 Service"                [id=11076, stack(0x000000df57500000,0x000000df57600000) (1024K)]
Total: 7

Threads with active compile tasks:
Total: 0

VM state: not at safepoint (normal execution)

VM Mutex/Monitor currently owned by a thread:  ([mutex/lock_event])
[0x00007ffb6490c830] Metaspace_lock - owner thread: 0x0000022c44a00c80

Heap address: 0x0000000080000000, size: 2048 MB, Compressed Oops mode: 32-bit

CDS archive(s) not mapped
Compressed class space mapped at: 0x0000000100000000-0x0000000140000000, reserved size: 1073741824
Narrow klass base: 0x0000000000000000, Narrow klass shift: 3, Narrow klass range: 0x140000000

GC Precious Log:
 CardTable entry size: 512
 Card Set container configuration: InlinePtr #cards 5 size 8 Array Of Cards #cards 12 size 40 Howl #buckets 4 coarsen threshold 1843 Howl Bitmap #cards 512 size 80 coarsen threshold 460 Card regions per heap region 1 cards per card region 2048
 CPUs: 16 total, 16 available
 Memory: 15591M
 Large Page Support: Disabled
 NUMA Support: Disabled
 Compressed Oops: Enabled (32-bit)
 Heap Region Size: 1M
 Heap Min Capacity: 128M
 Heap Initial Capacity: 128M
 Heap Max Capacity: 2G
 Pre-touch: Disabled
 Parallel Workers: 13
 Concurrent Workers: 3
 Concurrent Refinement Workers: 13
 Periodic GC: Disabled

Heap:
 garbage-first heap   total 131072K, used 2048K [0x0000000080000000, 0x0000000100000000)
  region size 1024K, 3 young (3072K), 0 survivors (0K)
 Metaspace       used 6310K, committed 6400K, reserved 1114112K
  class space    used 485K, committed 512K, reserved 1048576K

Heap Regions: E=young(eden), S=young(survivor), O=old, HS=humongous(starts), HC=humongous(continues), CS=collection set, F=free, TAMS=top-at-mark-start, PB=parsable bottom
|   0|0x0000000080000000, 0x0000000080000000, 0x0000000080100000|  0%| F|  |TAMS 0x0000000080000000| PB 0x0000000080000000| Untracked 
|   1|0x0000000080100000, 0x0000000080100000, 0x0000000080200000|  0%| F|  |TAMS 0x0000000080100000| PB 0x0000000080100000| Untracked 
|   2|0x0000000080200000, 0x0000000080200000, 0x0000000080300000|  0%| F|  |TAMS 0x0000000080200000| PB 0x0000000080200000| Untracked 
|   3|0x0000000080300000, 0x0000000080300000, 0x0000000080400000|  0%| F|  |TAMS 0x0000000080300000| PB 0x0000000080300000| Untracked 
|   4|0x0000000080400000, 0x0000000080400000, 0x0000000080500000|  0%| F|  |TAMS 0x0000000080400000| PB 0x0000000080400000| Untracked 
|   5|0x0000000080500000, 0x0000000080500000, 0x0000000080600000|  0%| F|  |TAMS 0x0000000080500000| PB 0x0000000080500000| Untracked 
|   6|0x0000000080600000, 0x0000000080600000, 0x0000000080700000|  0%| F|  |TAMS 0x0000000080600000| PB 0x0000000080600000| Untracked 
|   7|0x0000000080700000, 0x0000000080700000, 0x0000000080800000|  0%| F|  |TAMS 0x0000000080700000| PB 0x0000000080700000| Untracked 
|   8|0x0000000080800000, 0x0000000080800000, 0x0000000080900000|  0%| F|  |TAMS 0x0000000080800000| PB 0x0000000080800000| Untracked 
|   9|0x0000000080900000, 0x0000000080900000, 0x0000000080a00000|  0%| F|  |TAMS 0x0000000080900000| PB 0x0000000080900000| Untracked 
|  10|0x0000000080a00000, 0x0000000080a00000, 0x0000000080b00000|  0%| F|  |TAMS 0x0000000080a00000| PB 0x0000000080a00000| Untracked 
|  11|0x0000000080b00000, 0x0000000080b00000, 0x0000000080c00000|  0%| F|  |TAMS 0x0000000080b00000| PB 0x0000000080b00000| Untracked 
|  12|0x0000000080c00000, 0x0000000080c00000, 0x0000000080d00000|  0%| F|  |TAMS 0x0000000080c00000| PB 0x0000000080c00000| Untracked 
|  13|0x0000000080d00000, 0x0000000080d00000, 0x0000000080e00000|  0%| F|  |TAMS 0x0000000080d00000| PB 0x0000000080d00000| Untracked 
|  14|0x0000000080e00000, 0x0000000080e00000, 0x0000000080f00000|  0%| F|  |TAMS 0x0000000080e00000| PB 0x0000000080e00000| Untracked 
|  15|0x0000000080f00000, 0x0000000080f00000, 0x0000000081000000|  0%| F|  |TAMS 0x0000000080f00000| PB 0x0000000080f00000| Untracked 
|  16|0x0000000081000000, 0x0000000081000000, 0x0000000081100000|  0%| F|  |TAMS 0x0000000081000000| PB 0x0000000081000000| Untracked 
|  17|0x0000000081100000, 0x0000000081100000, 0x0000000081200000|  0%| F|  |TAMS 0x0000000081100000| PB 0x0000000081100000| Untracked 
|  18|0x0000000081200000, 0x0000000081200000, 0x0000000081300000|  0%| F|  |TAMS 0x0000000081200000| PB 0x0000000081200000| Untracked 
|  19|0x0000000081300000, 0x0000000081300000, 0x0000000081400000|  0%| F|  |TAMS 0x0000000081300000| PB 0x0000000081300000| Untracked 
|  20|0x0000000081400000, 0x0000000081400000, 0x0000000081500000|  0%| F|  |TAMS 0x0000000081400000| PB 0x0000000081400000| Untracked 
|  21|0x0000000081500000, 0x0000000081500000, 0x0000000081600000|  0%| F|  |TAMS 0x0000000081500000| PB 0x0000000081500000| Untracked 
|  22|0x0000000081600000, 0x0000000081600000, 0x0000000081700000|  0%| F|  |TAMS 0x0000000081600000| PB 0x0000000081600000| Untracked 
|  23|0x0000000081700000, 0x0000000081700000, 0x0000000081800000|  0%| F|  |TAMS 0x0000000081700000| PB 0x0000000081700000| Untracked 
|  24|0x0000000081800000, 0x0000000081800000, 0x0000000081900000|  0%| F|  |TAMS 0x0000000081800000| PB 0x0000000081800000| Untracked 
|  25|0x0000000081900000, 0x0000000081900000, 0x0000000081a00000|  0%| F|  |TAMS 0x0000000081900000| PB 0x0000000081900000| Untracked 
|  26|0x0000000081a00000, 0x0000000081a00000, 0x0000000081b00000|  0%| F|  |TAMS 0x0000000081a00000| PB 0x0000000081a00000| Untracked 
|  27|0x0000000081b00000, 0x0000000081b00000, 0x0000000081c00000|  0%| F|  |TAMS 0x0000000081b00000| PB 0x0000000081b00000| Untracked 
|  28|0x0000000081c00000, 0x0000000081c00000, 0x0000000081d00000|  0%| F|  |TAMS 0x0000000081c00000| PB 0x0000000081c00000| Untracked 
|  29|0x0000000081d00000, 0x0000000081d00000, 0x0000000081e00000|  0%| F|  |TAMS 0x0000000081d00000| PB 0x0000000081d00000| Untracked 
|  30|0x0000000081e00000, 0x0000000081e00000, 0x0000000081f00000|  0%| F|  |TAMS 0x0000000081e00000| PB 0x0000000081e00000| Untracked 
|  31|0x0000000081f00000, 0x0000000081f00000, 0x0000000082000000|  0%| F|  |TAMS 0x0000000081f00000| PB 0x0000000081f00000| Untracked 
|  32|0x0000000082000000, 0x0000000082000000, 0x0000000082100000|  0%| F|  |TAMS 0x0000000082000000| PB 0x0000000082000000| Untracked 
|  33|0x0000000082100000, 0x0000000082100000, 0x0000000082200000|  0%| F|  |TAMS 0x0000000082100000| PB 0x0000000082100000| Untracked 
|  34|0x0000000082200000, 0x0000000082200000, 0x0000000082300000|  0%| F|  |TAMS 0x0000000082200000| PB 0x0000000082200000| Untracked 
|  35|0x0000000082300000, 0x0000000082300000, 0x0000000082400000|  0%| F|  |TAMS 0x0000000082300000| PB 0x0000000082300000| Untracked 
|  36|0x0000000082400000, 0x0000000082400000, 0x0000000082500000|  0%| F|  |TAMS 0x0000000082400000| PB 0x0000000082400000| Untracked 
|  37|0x0000000082500000, 0x0000000082500000, 0x0000000082600000|  0%| F|  |TAMS 0x0000000082500000| PB 0x0000000082500000| Untracked 
|  38|0x0000000082600000, 0x0000000082600000, 0x0000000082700000|  0%| F|  |TAMS 0x0000000082600000| PB 0x0000000082600000| Untracked 
|  39|0x0000000082700000, 0x0000000082700000, 0x0000000082800000|  0%| F|  |TAMS 0x0000000082700000| PB 0x0000000082700000| Untracked 
|  40|0x0000000082800000, 0x0000000082800000, 0x0000000082900000|  0%| F|  |TAMS 0x0000000082800000| PB 0x0000000082800000| Untracked 
|  41|0x0000000082900000, 0x0000000082900000, 0x0000000082a00000|  0%| F|  |TAMS 0x0000000082900000| PB 0x0000000082900000| Untracked 
|  42|0x0000000082a00000, 0x0000000082a00000, 0x0000000082b00000|  0%| F|  |TAMS 0x0000000082a00000| PB 0x0000000082a00000| Untracked 
|  43|0x0000000082b00000, 0x0000000082b00000, 0x0000000082c00000|  0%| F|  |TAMS 0x0000000082b00000| PB 0x0000000082b00000| Untracked 
|  44|0x0000000082c00000, 0x0000000082c00000, 0x0000000082d00000|  0%| F|  |TAMS 0x0000000082c00000| PB 0x0000000082c00000| Untracked 
|  45|0x0000000082d00000, 0x0000000082d00000, 0x0000000082e00000|  0%| F|  |TAMS 0x0000000082d00000| PB 0x0000000082d00000| Untracked 
|  46|0x0000000082e00000, 0x0000000082e00000, 0x0000000082f00000|  0%| F|  |TAMS 0x0000000082e00000| PB 0x0000000082e00000| Untracked 
|  47|0x0000000082f00000, 0x0000000082f00000, 0x0000000083000000|  0%| F|  |TAMS 0x0000000082f00000| PB 0x0000000082f00000| Untracked 
|  48|0x0000000083000000, 0x0000000083000000, 0x0000000083100000|  0%| F|  |TAMS 0x0000000083000000| PB 0x0000000083000000| Untracked 
|  49|0x0000000083100000, 0x0000000083100000, 0x0000000083200000|  0%| F|  |TAMS 0x0000000083100000| PB 0x0000000083100000| Untracked 
|  50|0x0000000083200000, 0x0000000083200000, 0x0000000083300000|  0%| F|  |TAMS 0x0000000083200000| PB 0x0000000083200000| Untracked 
|  51|0x0000000083300000, 0x0000000083300000, 0x0000000083400000|  0%| F|  |TAMS 0x0000000083300000| PB 0x0000000083300000| Untracked 
|  52|0x0000000083400000, 0x0000000083400000, 0x0000000083500000|  0%| F|  |TAMS 0x0000000083400000| PB 0x0000000083400000| Untracked 
|  53|0x0000000083500000, 0x0000000083500000, 0x0000000083600000|  0%| F|  |TAMS 0x0000000083500000| PB 0x0000000083500000| Untracked 
|  54|0x0000000083600000, 0x0000000083600000, 0x0000000083700000|  0%| F|  |TAMS 0x0000000083600000| PB 0x0000000083600000| Untracked 
|  55|0x0000000083700000, 0x0000000083700000, 0x0000000083800000|  0%| F|  |TAMS 0x0000000083700000| PB 0x0000000083700000| Untracked 
|  56|0x0000000083800000, 0x0000000083800000, 0x0000000083900000|  0%| F|  |TAMS 0x0000000083800000| PB 0x0000000083800000| Untracked 
|  57|0x0000000083900000, 0x0000000083900000, 0x0000000083a00000|  0%| F|  |TAMS 0x0000000083900000| PB 0x0000000083900000| Untracked 
|  58|0x0000000083a00000, 0x0000000083a00000, 0x0000000083b00000|  0%| F|  |TAMS 0x0000000083a00000| PB 0x0000000083a00000| Untracked 
|  59|0x0000000083b00000, 0x0000000083b00000, 0x0000000083c00000|  0%| F|  |TAMS 0x0000000083b00000| PB 0x0000000083b00000| Untracked 
|  60|0x0000000083c00000, 0x0000000083c00000, 0x0000000083d00000|  0%| F|  |TAMS 0x0000000083c00000| PB 0x0000000083c00000| Untracked 
|  61|0x0000000083d00000, 0x0000000083d00000, 0x0000000083e00000|  0%| F|  |TAMS 0x0000000083d00000| PB 0x0000000083d00000| Untracked 
|  62|0x0000000083e00000, 0x0000000083e00000, 0x0000000083f00000|  0%| F|  |TAMS 0x0000000083e00000| PB 0x0000000083e00000| Untracked 
|  63|0x0000000083f00000, 0x0000000083f00000, 0x0000000084000000|  0%| F|  |TAMS 0x0000000083f00000| PB 0x0000000083f00000| Untracked 
|  64|0x0000000084000000, 0x0000000084000000, 0x0000000084100000|  0%| F|  |TAMS 0x0000000084000000| PB 0x0000000084000000| Untracked 
|  65|0x0000000084100000, 0x0000000084100000, 0x0000000084200000|  0%| F|  |TAMS 0x0000000084100000| PB 0x0000000084100000| Untracked 
|  66|0x0000000084200000, 0x0000000084200000, 0x0000000084300000|  0%| F|  |TAMS 0x0000000084200000| PB 0x0000000084200000| Untracked 
|  67|0x0000000084300000, 0x0000000084300000, 0x0000000084400000|  0%| F|  |TAMS 0x0000000084300000| PB 0x0000000084300000| Untracked 
|  68|0x0000000084400000, 0x0000000084400000, 0x0000000084500000|  0%| F|  |TAMS 0x0000000084400000| PB 0x0000000084400000| Untracked 
|  69|0x0000000084500000, 0x0000000084500000, 0x0000000084600000|  0%| F|  |TAMS 0x0000000084500000| PB 0x0000000084500000| Untracked 
|  70|0x0000000084600000, 0x0000000084600000, 0x0000000084700000|  0%| F|  |TAMS 0x0000000084600000| PB 0x0000000084600000| Untracked 
|  71|0x0000000084700000, 0x0000000084700000, 0x0000000084800000|  0%| F|  |TAMS 0x0000000084700000| PB 0x0000000084700000| Untracked 
|  72|0x0000000084800000, 0x0000000084800000, 0x0000000084900000|  0%| F|  |TAMS 0x0000000084800000| PB 0x0000000084800000| Untracked 
|  73|0x0000000084900000, 0x0000000084900000, 0x0000000084a00000|  0%| F|  |TAMS 0x0000000084900000| PB 0x0000000084900000| Untracked 
|  74|0x0000000084a00000, 0x0000000084a00000, 0x0000000084b00000|  0%| F|  |TAMS 0x0000000084a00000| PB 0x0000000084a00000| Untracked 
|  75|0x0000000084b00000, 0x0000000084b00000, 0x0000000084c00000|  0%| F|  |TAMS 0x0000000084b00000| PB 0x0000000084b00000| Untracked 
|  76|0x0000000084c00000, 0x0000000084c00000, 0x0000000084d00000|  0%| F|  |TAMS 0x0000000084c00000| PB 0x0000000084c00000| Untracked 
|  77|0x0000000084d00000, 0x0000000084d00000, 0x0000000084e00000|  0%| F|  |TAMS 0x0000000084d00000| PB 0x0000000084d00000| Untracked 
|  78|0x0000000084e00000, 0x0000000084e00000, 0x0000000084f00000|  0%| F|  |TAMS 0x0000000084e00000| PB 0x0000000084e00000| Untracked 
|  79|0x0000000084f00000, 0x0000000084f00000, 0x0000000085000000|  0%| F|  |TAMS 0x0000000084f00000| PB 0x0000000084f00000| Untracked 
|  80|0x0000000085000000, 0x0000000085000000, 0x0000000085100000|  0%| F|  |TAMS 0x0000000085000000| PB 0x0000000085000000| Untracked 
|  81|0x0000000085100000, 0x0000000085100000, 0x0000000085200000|  0%| F|  |TAMS 0x0000000085100000| PB 0x0000000085100000| Untracked 
|  82|0x0000000085200000, 0x0000000085200000, 0x0000000085300000|  0%| F|  |TAMS 0x0000000085200000| PB 0x0000000085200000| Untracked 
|  83|0x0000000085300000, 0x0000000085300000, 0x0000000085400000|  0%| F|  |TAMS 0x0000000085300000| PB 0x0000000085300000| Untracked 
|  84|0x0000000085400000, 0x0000000085400000, 0x0000000085500000|  0%| F|  |TAMS 0x0000000085400000| PB 0x0000000085400000| Untracked 
|  85|0x0000000085500000, 0x0000000085500000, 0x0000000085600000|  0%| F|  |TAMS 0x0000000085500000| PB 0x0000000085500000| Untracked 
|  86|0x0000000085600000, 0x0000000085600000, 0x0000000085700000|  0%| F|  |TAMS 0x0000000085600000| PB 0x0000000085600000| Untracked 
|  87|0x0000000085700000, 0x0000000085700000, 0x0000000085800000|  0%| F|  |TAMS 0x0000000085700000| PB 0x0000000085700000| Untracked 
|  88|0x0000000085800000, 0x0000000085800000, 0x0000000085900000|  0%| F|  |TAMS 0x0000000085800000| PB 0x0000000085800000| Untracked 
|  89|0x0000000085900000, 0x0000000085900000, 0x0000000085a00000|  0%| F|  |TAMS 0x0000000085900000| PB 0x0000000085900000| Untracked 
|  90|0x0000000085a00000, 0x0000000085a00000, 0x0000000085b00000|  0%| F|  |TAMS 0x0000000085a00000| PB 0x0000000085a00000| Untracked 
|  91|0x0000000085b00000, 0x0000000085b00000, 0x0000000085c00000|  0%| F|  |TAMS 0x0000000085b00000| PB 0x0000000085b00000| Untracked 
|  92|0x0000000085c00000, 0x0000000085c00000, 0x0000000085d00000|  0%| F|  |TAMS 0x0000000085c00000| PB 0x0000000085c00000| Untracked 
|  93|0x0000000085d00000, 0x0000000085d00000, 0x0000000085e00000|  0%| F|  |TAMS 0x0000000085d00000| PB 0x0000000085d00000| Untracked 
|  94|0x0000000085e00000, 0x0000000085e00000, 0x0000000085f00000|  0%| F|  |TAMS 0x0000000085e00000| PB 0x0000000085e00000| Untracked 
|  95|0x0000000085f00000, 0x0000000085f00000, 0x0000000086000000|  0%| F|  |TAMS 0x0000000085f00000| PB 0x0000000085f00000| Untracked 
|  96|0x0000000086000000, 0x0000000086000000, 0x0000000086100000|  0%| F|  |TAMS 0x0000000086000000| PB 0x0000000086000000| Untracked 
|  97|0x0000000086100000, 0x0000000086100000, 0x0000000086200000|  0%| F|  |TAMS 0x0000000086100000| PB 0x0000000086100000| Untracked 
|  98|0x0000000086200000, 0x0000000086200000, 0x0000000086300000|  0%| F|  |TAMS 0x0000000086200000| PB 0x0000000086200000| Untracked 
|  99|0x0000000086300000, 0x0000000086300000, 0x0000000086400000|  0%| F|  |TAMS 0x0000000086300000| PB 0x0000000086300000| Untracked 
| 100|0x0000000086400000, 0x0000000086400000, 0x0000000086500000|  0%| F|  |TAMS 0x0000000086400000| PB 0x0000000086400000| Untracked 
| 101|0x0000000086500000, 0x0000000086500000, 0x0000000086600000|  0%| F|  |TAMS 0x0000000086500000| PB 0x0000000086500000| Untracked 
| 102|0x0000000086600000, 0x0000000086600000, 0x0000000086700000|  0%| F|  |TAMS 0x0000000086600000| PB 0x0000000086600000| Untracked 
| 103|0x0000000086700000, 0x0000000086700000, 0x0000000086800000|  0%| F|  |TAMS 0x0000000086700000| PB 0x0000000086700000| Untracked 
| 104|0x0000000086800000, 0x0000000086800000, 0x0000000086900000|  0%| F|  |TAMS 0x0000000086800000| PB 0x0000000086800000| Untracked 
| 105|0x0000000086900000, 0x0000000086900000, 0x0000000086a00000|  0%| F|  |TAMS 0x0000000086900000| PB 0x0000000086900000| Untracked 
| 106|0x0000000086a00000, 0x0000000086a00000, 0x0000000086b00000|  0%| F|  |TAMS 0x0000000086a00000| PB 0x0000000086a00000| Untracked 
| 107|0x0000000086b00000, 0x0000000086b00000, 0x0000000086c00000|  0%| F|  |TAMS 0x0000000086b00000| PB 0x0000000086b00000| Untracked 
| 108|0x0000000086c00000, 0x0000000086c00000, 0x0000000086d00000|  0%| F|  |TAMS 0x0000000086c00000| PB 0x0000000086c00000| Untracked 
| 109|0x0000000086d00000, 0x0000000086d00000, 0x0000000086e00000|  0%| F|  |TAMS 0x0000000086d00000| PB 0x0000000086d00000| Untracked 
| 110|0x0000000086e00000, 0x0000000086e00000, 0x0000000086f00000|  0%| F|  |TAMS 0x0000000086e00000| PB 0x0000000086e00000| Untracked 
| 111|0x0000000086f00000, 0x0000000086f00000, 0x0000000087000000|  0%| F|  |TAMS 0x0000000086f00000| PB 0x0000000086f00000| Untracked 
| 112|0x0000000087000000, 0x0000000087000000, 0x0000000087100000|  0%| F|  |TAMS 0x0000000087000000| PB 0x0000000087000000| Untracked 
| 113|0x0000000087100000, 0x0000000087100000, 0x0000000087200000|  0%| F|  |TAMS 0x0000000087100000| PB 0x0000000087100000| Untracked 
| 114|0x0000000087200000, 0x0000000087200000, 0x0000000087300000|  0%| F|  |TAMS 0x0000000087200000| PB 0x0000000087200000| Untracked 
| 115|0x0000000087300000, 0x0000000087300000, 0x0000000087400000|  0%| F|  |TAMS 0x0000000087300000| PB 0x0000000087300000| Untracked 
| 116|0x0000000087400000, 0x0000000087400000, 0x0000000087500000|  0%| F|  |TAMS 0x0000000087400000| PB 0x0000000087400000| Untracked 
| 117|0x0000000087500000, 0x0000000087500000, 0x0000000087600000|  0%| F|  |TAMS 0x0000000087500000| PB 0x0000000087500000| Untracked 
| 118|0x0000000087600000, 0x0000000087600000, 0x0000000087700000|  0%| F|  |TAMS 0x0000000087600000| PB 0x0000000087600000| Untracked 
| 119|0x0000000087700000, 0x0000000087700000, 0x0000000087800000|  0%| F|  |TAMS 0x0000000087700000| PB 0x0000000087700000| Untracked 
| 120|0x0000000087800000, 0x0000000087800000, 0x0000000087900000|  0%| F|  |TAMS 0x0000000087800000| PB 0x0000000087800000| Untracked 
| 121|0x0000000087900000, 0x0000000087900000, 0x0000000087a00000|  0%| F|  |TAMS 0x0000000087900000| PB 0x0000000087900000| Untracked 
| 122|0x0000000087a00000, 0x0000000087a00000, 0x0000000087b00000|  0%| F|  |TAMS 0x0000000087a00000| PB 0x0000000087a00000| Untracked 
| 123|0x0000000087b00000, 0x0000000087b00000, 0x0000000087c00000|  0%| F|  |TAMS 0x0000000087b00000| PB 0x0000000087b00000| Untracked 
| 124|0x0000000087c00000, 0x0000000087c00000, 0x0000000087d00000|  0%| F|  |TAMS 0x0000000087c00000| PB 0x0000000087c00000| Untracked 
| 125|0x0000000087d00000, 0x0000000087d75db8, 0x0000000087e00000| 46%| E|  |TAMS 0x0000000087d00000| PB 0x0000000087d00000| Complete 
| 126|0x0000000087e00000, 0x0000000087f00000, 0x0000000087f00000|100%| E|CS|TAMS 0x0000000087e00000| PB 0x0000000087e00000| Complete 
| 127|0x0000000087f00000, 0x0000000088000000, 0x0000000088000000|100%| E|CS|TAMS 0x0000000087f00000| PB 0x0000000087f00000| Complete 

Card table byte_map: [0x0000022c5a8a0000,0x0000022c5aca0000] _byte_map_base: 0x0000022c5a4a0000

Marking Bits: (CMBitMap*) 0x0000022c46cb6a30
 Bits: [0x0000022c5aca0000, 0x0000022c5cca0000)

Polling page: 0x0000022c44bf0000

Metaspace:

Usage:
  Non-class:      5.69 MB used.
      Class:    485.37 KB used.
       Both:      6.16 MB used.

Virtual space:
  Non-class space:       64.00 MB reserved,       5.75 MB (  9%) committed,  1 nodes.
      Class space:        1.00 GB reserved,     512.00 KB ( <1%) committed,  1 nodes.
             Both:        1.06 GB reserved,       6.25 MB ( <1%) committed. 

Chunk freelists:
   Non-Class:  10.25 MB
       Class:  15.51 MB
        Both:  25.76 MB

MaxMetaspaceSize: unlimited
CompressedClassSpaceSize: 1.00 GB
Initial GC threshold: 21.00 MB
Current GC threshold: 21.00 MB
CDS: off
 - commit_granule_bytes: 65536.
 - commit_granule_words: 8192.
 - virtual_space_node_default_size: 8388608.
 - enlarge_chunks_in_place: 1.
 - use_allocation_guard: 0.


Internal statistics:

num_allocs_failed_limit: 0.
num_arena_births: 4.
num_arena_deaths: 0.
num_vsnodes_births: 2.
num_vsnodes_deaths: 0.
num_space_committed: 100.
num_space_uncommitted: 0.
num_chunks_returned_to_freelist: 0.
num_chunks_taken_from_freelist: 12.
num_chunk_merges: 0.
num_chunk_splits: 4.
num_chunks_enlarged: 1.
num_inconsistent_stats: 0.

CodeHeap 'non-profiled nmethods': size=119168Kb used=34Kb max_used=34Kb free=119133Kb
 bounds [0x0000022c527a0000, 0x0000022c52a10000, 0x0000022c59c00000]
CodeHeap 'profiled nmethods': size=119104Kb used=124Kb max_used=124Kb free=118979Kb
 bounds [0x0000022c4ac00000, 0x0000022c4ae70000, 0x0000022c52050000]
CodeHeap 'non-nmethods': size=7488Kb used=1825Kb max_used=1836Kb free=5662Kb
 bounds [0x0000022c52050000, 0x0000022c522c0000, 0x0000022c527a0000]
 total_blobs=498 nmethods=114 adapters=288
 compilation: enabled
              stopped_count=0, restarted_count=0
 full_count=0

Compilation events (20 events):
Event: 0.324 Thread 0x0000022c002d55a0  105       1       java.lang.AbstractStringBuilder::length (5 bytes)
Event: 0.324 Thread 0x0000022c002d55a0 nmethod 105 0x0000022c527a8290 code [0x0000022c527a8420, 0x0000022c527a84e8]
Event: 0.329 Thread 0x0000022c00234b20  106       3       java.lang.StringBuilder::append (8 bytes)
Event: 0.329 Thread 0x0000022c00234b20 nmethod 106 0x0000022c4ac1ba90 code [0x0000022c4ac1bc40, 0x0000022c4ac1bd90]
Event: 0.329 Thread 0x0000022c00234b20  107       3       java.lang.AbstractStringBuilder::append (77 bytes)
Event: 0.330 Thread 0x0000022c00234b20 nmethod 107 0x0000022c4ac1be10 code [0x0000022c4ac1c020, 0x0000022c4ac1c6d8]
Event: 0.361 Thread 0x0000022c002d55a0  108       3       java.lang.String::indexOf (37 bytes)
Event: 0.361 Thread 0x0000022c00234b20  109       3       java.lang.StringLatin1::indexOf (37 bytes)
Event: 0.362 Thread 0x0000022c00234b20 nmethod 109 0x0000022c4ac1c990 code [0x0000022c4ac1cb80, 0x0000022c4ac1d078]
Event: 0.362 Thread 0x0000022c002d55a0 nmethod 108 0x0000022c4ac1d290 code [0x0000022c4ac1d4a0, 0x0000022c4ac1d920]
Event: 0.371 Thread 0x0000022c002d55a0  110       3       java.lang.StringUTF16::getChars (42 bytes)
Event: 0.372 Thread 0x0000022c0020db40  111       4       java.lang.StringUTF16::getChar (60 bytes)
Event: 0.372 Thread 0x0000022c002d55a0 nmethod 110 0x0000022c4ac1db10 code [0x0000022c4ac1dd00, 0x0000022c4ac1e168]
Event: 0.373 Thread 0x0000022c002d55a0  112       3       java.lang.String::toCharArray (25 bytes)
Event: 0.373 Thread 0x0000022c002d55a0 nmethod 112 0x0000022c4ac1e410 code [0x0000022c4ac1e5e0, 0x0000022c4ac1e878]
Event: 0.373 Thread 0x0000022c0020db40 nmethod 111 0x0000022c527a8590 code [0x0000022c527a8720, 0x0000022c527a8808]
Event: 0.398 Thread 0x0000022c00234b20  113       3       java.util.zip.ZipUtils::SH (21 bytes)
Event: 0.398 Thread 0x0000022c002d55a0  114       3       java.lang.StringCoding::countPositives (33 bytes)
Event: 0.398 Thread 0x0000022c00234b20 nmethod 113 0x0000022c4ac1e990 code [0x0000022c4ac1eb40, 0x0000022c4ac1ec88]
Event: 0.398 Thread 0x0000022c002d55a0 nmethod 114 0x0000022c4ac1ed90 code [0x0000022c4ac1ef40, 0x0000022c4ac1f160]

GC Heap History (0 events):
No events

Dll operation events (2 events):
Event: 0.022 Loaded shared library C:\Program Files\JetBrains\IntelliJ IDEA 2024.3.5\jbr\bin\java.dll
Event: 0.047 Loaded shared library C:\Program Files\JetBrains\IntelliJ IDEA 2024.3.5\jbr\bin\zip.dll

Deoptimization events (0 events):
No events

Classes loaded (20 events):
Event: 0.396 Loading class java/io/RandomAccessFile$2 done
Event: 0.396 Loading class java/io/FileCleanable
Event: 0.396 Loading class java/io/FileCleanable done
Event: 0.397 Loading class java/util/zip/ZipFile$Source$RandomAccessFileAccessor
Event: 0.397 Loading class java/util/zip/ZipFile$Source$FileAccessor
Event: 0.397 Loading class java/util/zip/ZipFile$Source$FileAccessor done
Event: 0.397 Loading class java/util/zip/ZipFile$Source$RandomAccessFileAccessor done
Event: 0.397 Loading class java/util/zip/ZipFile$Source$End
Event: 0.397 Loading class java/util/zip/ZipFile$Source$End done
Event: 0.397 Loading class java/util/zip/ZipUtils
Event: 0.397 Loading class java/util/zip/ZipUtils done
Event: 0.398 Loading class java/nio/file/attribute/FileTime
Event: 0.399 Loading class java/nio/file/attribute/FileTime done
Event: 0.399 Loading class java/util/Locale
Event: 0.400 Loading class java/util/Locale done
Event: 0.400 Loading class sun/util/locale/BaseLocale
Event: 0.401 Loading class sun/util/locale/BaseLocale done
Event: 0.401 Loading class sun/util/locale/LocaleUtils
Event: 0.403 Loading class sun/util/locale/LocaleUtils done
Event: 0.403 Loading class jdk/internal/perf/PerfCounter

Classes unloaded (0 events):
No events

Classes redefined (0 events):
No events

Internal exceptions (0 events):
No events

ZGC Phase Switch (0 events):
No events

VM Operations (0 events):
No events

Memory protections (0 events):
No events

Nmethod flushes (0 events):
No events

Events (14 events):
Event: 0.042 Thread 0x0000022c44a00c80 Thread added: 0x0000022c44a00c80
Event: 0.189 Thread 0x0000022c44a00c80 Thread added: 0x0000022c001e5970
Event: 0.189 Thread 0x0000022c44a00c80 Thread added: 0x0000022c001e6880
Event: 0.193 Thread 0x0000022c44a00c80 Thread added: 0x0000022c00217200
Event: 0.193 Thread 0x0000022c44a00c80 Thread added: 0x0000022c00217c50
Event: 0.193 Thread 0x0000022c44a00c80 Thread added: 0x0000022c00218ab0
Event: 0.193 Thread 0x0000022c44a00c80 Thread added: 0x0000022c0021af80
Event: 0.194 Thread 0x0000022c44a00c80 Thread added: 0x0000022c0020db40
Event: 0.194 Thread 0x0000022c44a00c80 Thread added: 0x0000022c00234b20
Event: 0.256 Thread 0x0000022c00234b20 Thread added: 0x0000022c002d55a0
Event: 0.308 Thread 0x0000022c44a00c80 Thread added: 0x0000022c003dc5d0
Event: 0.316 Thread 0x0000022c44a00c80 Thread added: 0x0000022c003e1650
Event: 0.383 Loaded shared library C:\Program Files\JetBrains\IntelliJ IDEA 2024.3.5\jbr\bin\net.dll
Event: 0.391 Loaded shared library C:\Program Files\JetBrains\IntelliJ IDEA 2024.3.5\jbr\bin\nio.dll


Dynamic libraries:
0x00007ff6f7bb0000 - 0x00007ff6f7bba000 	C:\Program Files\JetBrains\IntelliJ IDEA 2024.3.5\jbr\bin\java.exe
0x00007ffbb4ad0000 - 0x00007ffbb4cc8000 	C:\WINDOWS\SYSTEM32\ntdll.dll
0x00007ffbb3490000 - 0x00007ffbb3552000 	C:\WINDOWS\System32\KERNEL32.DLL
0x00007ffbb2420000 - 0x00007ffbb2716000 	C:\WINDOWS\System32\KERNELBASE.dll
0x00007ffbb29f0000 - 0x00007ffbb2af0000 	C:\WINDOWS\System32\ucrtbase.dll
0x00007ffba2cd0000 - 0x00007ffba2ceb000 	C:\Program Files\JetBrains\IntelliJ IDEA 2024.3.5\jbr\bin\VCRUNTIME140.dll
0x00007ffba2a90000 - 0x00007ffba2aa8000 	C:\Program Files\JetBrains\IntelliJ IDEA 2024.3.5\jbr\bin\jli.dll
0x00007ffbb35d0000 - 0x00007ffbb376d000 	C:\WINDOWS\System32\USER32.dll
0x00007ffbb2360000 - 0x00007ffbb2382000 	C:\WINDOWS\System32\win32u.dll
0x00007ffb9f920000 - 0x00007ffb9fbba000 	C:\WINDOWS\WinSxS\amd64_microsoft.windows.common-controls_6595b64144ccf1df_6.0.19041.4355_none_60b8b9eb71f62e16\COMCTL32.dll
0x00007ffbb3260000 - 0x00007ffbb328b000 	C:\WINDOWS\System32\GDI32.dll
0x00007ffbb4570000 - 0x00007ffbb460e000 	C:\WINDOWS\System32\msvcrt.dll
0x00007ffbb2880000 - 0x00007ffbb299a000 	C:\WINDOWS\System32\gdi32full.dll
0x00007ffbb22c0000 - 0x00007ffbb235d000 	C:\WINDOWS\System32\msvcp_win.dll
0x00007ffbb3100000 - 0x00007ffbb312f000 	C:\WINDOWS\System32\IMM32.DLL
0x00007ffbae5c0000 - 0x00007ffbae5cc000 	C:\Program Files\JetBrains\IntelliJ IDEA 2024.3.5\jbr\bin\vcruntime140_1.dll
0x00007ffb9f2d0000 - 0x00007ffb9f35d000 	C:\Program Files\JetBrains\IntelliJ IDEA 2024.3.5\jbr\bin\msvcp140.dll
0x00007ffb63c40000 - 0x00007ffb64a01000 	C:\Program Files\JetBrains\IntelliJ IDEA 2024.3.5\jbr\bin\server\jvm.dll
0x00007ffbb3b60000 - 0x00007ffbb3c0f000 	C:\WINDOWS\System32\ADVAPI32.dll
0x00007ffbb3060000 - 0x00007ffbb30ff000 	C:\WINDOWS\System32\sechost.dll
0x00007ffbb3130000 - 0x00007ffbb3253000 	C:\WINDOWS\System32\RPCRT4.dll
0x00007ffbb2160000 - 0x00007ffbb2187000 	C:\WINDOWS\System32\bcrypt.dll
0x00007ffbb3290000 - 0x00007ffbb32fb000 	C:\WINDOWS\System32\WS2_32.dll
0x00007ffbb1cd0000 - 0x00007ffbb1d1b000 	C:\WINDOWS\SYSTEM32\POWRPROF.dll
0x00007ffba7c60000 - 0x00007ffba7c6a000 	C:\WINDOWS\SYSTEM32\VERSION.dll
0x00007ffba5c80000 - 0x00007ffba5ca7000 	C:\WINDOWS\SYSTEM32\WINMM.dll
0x00007ffbb1cb0000 - 0x00007ffbb1cc2000 	C:\WINDOWS\SYSTEM32\UMPDC.dll
0x00007ffbb0180000 - 0x00007ffbb0192000 	C:\WINDOWS\SYSTEM32\kernel.appcore.dll
0x00007ffbac480000 - 0x00007ffbac48a000 	C:\Program Files\JetBrains\IntelliJ IDEA 2024.3.5\jbr\bin\jimage.dll
0x00007ffbafb40000 - 0x00007ffbafd24000 	C:\WINDOWS\SYSTEM32\DBGHELP.DLL
0x00007ffb9c200000 - 0x00007ffb9c234000 	C:\WINDOWS\SYSTEM32\dbgcore.DLL
0x00007ffbb2390000 - 0x00007ffbb2412000 	C:\WINDOWS\System32\bcryptPrimitives.dll
0x00007ffba2c80000 - 0x00007ffba2ca0000 	C:\Program Files\JetBrains\IntelliJ IDEA 2024.3.5\jbr\bin\java.dll
0x00007ffba2bf0000 - 0x00007ffba2c08000 	C:\Program Files\JetBrains\IntelliJ IDEA 2024.3.5\jbr\bin\zip.dll
0x00007ffbb3d50000 - 0x00007ffbb44bf000 	C:\WINDOWS\System32\SHELL32.dll
0x00007ffbb01a0000 - 0x00007ffbb0943000 	C:\WINDOWS\SYSTEM32\windows.storage.dll
0x00007ffbb2d00000 - 0x00007ffbb3055000 	C:\WINDOWS\System32\combase.dll
0x00007ffbb19e0000 - 0x00007ffbb1a0b000 	C:\WINDOWS\SYSTEM32\Wldp.dll
0x00007ffbb2af0000 - 0x00007ffbb2bbd000 	C:\WINDOWS\System32\OLEAUT32.dll
0x00007ffbb44c0000 - 0x00007ffbb456d000 	C:\WINDOWS\System32\SHCORE.dll
0x00007ffbb3c10000 - 0x00007ffbb3c65000 	C:\WINDOWS\System32\shlwapi.dll
0x00007ffbb2090000 - 0x00007ffbb20b5000 	C:\WINDOWS\SYSTEM32\profapi.dll
0x00007ffbaacf0000 - 0x00007ffbaad00000 	C:\Program Files\JetBrains\IntelliJ IDEA 2024.3.5\jbr\bin\net.dll
0x00007ffbacc10000 - 0x00007ffbacd1a000 	C:\WINDOWS\SYSTEM32\WINHTTP.dll
0x00007ffbb17c0000 - 0x00007ffbb182c000 	C:\WINDOWS\system32\mswsock.dll
0x00007ffba2570000 - 0x00007ffba2586000 	C:\Program Files\JetBrains\IntelliJ IDEA 2024.3.5\jbr\bin\nio.dll

dbghelp: loaded successfully - version: 4.0.5 - missing functions: none
symbol engine: initialized successfully - sym options: 0x614 - pdb path: .;C:\Program Files\JetBrains\IntelliJ IDEA 2024.3.5\jbr\bin;C:\WINDOWS\SYSTEM32;C:\WINDOWS\WinSxS\amd64_microsoft.windows.common-controls_6595b64144ccf1df_6.0.19041.4355_none_60b8b9eb71f62e16;C:\Program Files\JetBrains\IntelliJ IDEA 2024.3.5\jbr\bin\server

VM Arguments:
jvm_args: -Djava.rmi.server.hostname=127.0.0.1 -Duser.timezone=UTC -Xmx2048m -Xms128m -Djdbc.classpath=C:\Users\tedtid\AppData\Local\Temp\RemoteDriver11.classpath.txt --add-exports=java.desktop/sun.awt=ALL-UNNAMED --add-exports=java.desktop/java.awt.peer=ALL-UNNAMED --add-opens=java.desktop/java.awt=ALL-UNNAMED --add-opens=jdk.unsupported/sun.misc=ALL-UNNAMED --add-opens=java.base/java.nio=ALL-UNNAMED --add-opens=java.base/java.util=ALL-UNNAMED -Dfile.encoding=UTF-8 -Dsun.stdout.encoding=UTF-8 -Dsun.stderr.encoding=UTF-8 
java_command: com.intellij.database.remote.RemoteJdbcServer com.mysql.cj.jdbc.Driver
java_class_path (initial): C:\Program Files\JetBrains\IntelliJ IDEA 2024.3.5\lib\util_rt.jar;C:\Program Files\JetBrains\IntelliJ IDEA 2024.3.5\lib\util-8.jar;C:\Program Files\JetBrains\IntelliJ IDEA 2024.3.5\lib\groovy.jar;C:\Program Files\JetBrains\IntelliJ IDEA 2024.3.5\plugins\DatabaseTools\lib\jdbc-console.jar;C:\Program Files\JetBrains\IntelliJ IDEA 2024.3.5\plugins\grid-core-impl\lib\jdbc-console-types.jar;C:\Program Files\JetBrains\IntelliJ IDEA 2024.3.5\lib\util.jar;C:\Program Files\JetBrains\IntelliJ IDEA 2024.3.5\lib\bouncy-castle.jar
Launcher Type: SUN_STANDARD

[Global flags]
     intx CICompilerCount                          = 12                                        {product} {ergonomic}
     uint ConcGCThreads                            = 3                                         {product} {ergonomic}
     uint G1ConcRefinementThreads                  = 13                                        {product} {ergonomic}
   size_t G1HeapRegionSize                         = 1048576                                   {product} {ergonomic}
    uintx GCDrainStackTargetSize                   = 64                                        {product} {ergonomic}
   size_t InitialHeapSize                          = 134217728                                 {product} {command line}
   size_t MarkStackSize                            = 4194304                                   {product} {ergonomic}
   size_t MaxHeapSize                              = 2147483648                                {product} {command line}
   size_t MaxNewSize                               = 1287651328                                {product} {ergonomic}
   size_t MinHeapDeltaBytes                        = 1048576                                   {product} {ergonomic}
   size_t MinHeapSize                              = 134217728                                 {product} {command line}
    uintx NonNMethodCodeHeapSize                   = 7602480                                {pd product} {ergonomic}
    uintx NonProfiledCodeHeapSize                  = 122027880                              {pd product} {ergonomic}
    uintx ProfiledCodeHeapSize                     = 122027880                              {pd product} {ergonomic}
    uintx ReservedCodeCacheSize                    = 251658240                              {pd product} {ergonomic}
     bool SegmentedCodeCache                       = true                                      {product} {ergonomic}
   size_t SoftMaxHeapSize                          = 2147483648                             {manageable} {ergonomic}
     bool UseCompressedOops                        = true                           {product lp64_product} {ergonomic}
     bool UseG1GC                                  = true                                      {product} {ergonomic}
     bool UseLargePagesIndividualAllocation        = false                                  {pd product} {ergonomic}

Logging:
Log output configuration:
 #0: stdout all=warning uptime,level,tags foldmultilines=false
 #1: stderr all=off uptime,level,tags foldmultilines=false

Environment Variables:
PATH=D:\app\tedtid\product\12.1.0\dbhome_1\bin;C:\Program Files\Common Files\Oracle\Java\javapath;C:\Program Files (x86)\Common Files\Oracle\Java\javapath;C:\Program Files\Microsoft MPI\Bin\;C:\Program Files (x86)\VMware\VMware Workstation\bin\;C:\WINDOWS\system32;C:\WINDOWS;C:\WINDOWS\System32\Wbem;C:\WINDOWS\System32\WindowsPowerShell\v1.0\;C:\WINDOWS\System32\OpenSSH\;C:\Program Files\Microsoft SQL Server\130\Tools\Binn\;C:\Program Files\Microsoft SQL Server\Client SDK\ODBC\170\Tools\Binn\;C:\Program Files (x86)\Microsoft SQL Server\150\Tools\Binn\;C:\Program Files\Microsoft SQL Server\150\Tools\Binn\;C:\Program Files\Microsoft SQL Server\150\DTS\Binn\;C:\Program Files\Azure Data Studio\bin;C:\Program Files\Java\jdk-21\bin;C:\Program Files\Git\cmd;C:\Program Files\Docker\Docker\resources\bin;C:\Users\tedtid\AppData\Local\Microsoft\WindowsApps;C:\Users\tedtid\AppData\Local\Programs\Microsoft VS Code\bin;C:\Users\tedtid\AppData\Local\SOOP
USERNAME=tedtid
OS=Windows_NT
PROCESSOR_IDENTIFIER=AMD64 Family 23 Model 96 Stepping 1, AuthenticAMD
TMP=C:\Users\tedtid\AppData\Local\Temp
TEMP=C:\Users\tedtid\AppData\Local\Temp




Periodic native trim disabled

JNI global refs:
JNI global refs: 14, weak refs: 0

JNI global refs memory usage: 835, weak refs: 201

Process memory usage:
Resident Set Size: 35216K (0% of 15965876K total physical memory with 1593596K free physical memory)

OOME stack traces (most recent first):
Classloader memory used:
Loader bootstrap                                                                       : 6310K

---------------  S Y S T E M  ---------------

OS:
 Windows 10 , 64 bit Build 19041 (10.0.19041.5678)
OS uptime: 3 days 17:24 hours
Hyper-V role detected

CPU: total 16 (initial active 16) (16 cores per cpu, 2 threads per core) family 23 model 96 stepping 1 microcode 0x0, cx8, cmov, fxsr, ht, mmx, 3dnowpref, sse, sse2, sse3, ssse3, sse4a, sse4.1, sse4.2, popcnt, lzcnt, tsc, tscinvbit, avx, avx2, aes, clmul, bmi1, bmi2, adx, sha, fma, vzeroupper, clflush, clflushopt, hv, rdtscp, rdpid, f16c
Processor Information for processor 0
  Max Mhz: 1700, Current Mhz: 1700, Mhz Limit: 1700
Processor Information for processor 1
  Max Mhz: 1700, Current Mhz: 1700, Mhz Limit: 1700
Processor Information for processor 2
  Max Mhz: 1700, Current Mhz: 1700, Mhz Limit: 1700
Processor Information for processor 3
  Max Mhz: 1700, Current Mhz: 1700, Mhz Limit: 1700
Processor Information for processor 4
  Max Mhz: 1700, Current Mhz: 1700, Mhz Limit: 1700
Processor Information for processor 5
  Max Mhz: 1700, Current Mhz: 1700, Mhz Limit: 1700
Processor Information for processor 6
  Max Mhz: 1700, Current Mhz: 1700, Mhz Limit: 1700
Processor Information for processor 7
  Max Mhz: 1700, Current Mhz: 1700, Mhz Limit: 1700
Processor Information for processor 8
  Max Mhz: 1700, Current Mhz: 1700, Mhz Limit: 1700
Processor Information for processor 9
  Max Mhz: 1700, Current Mhz: 1700, Mhz Limit: 1700
Processor Information for processor 10
  Max Mhz: 1700, Current Mhz: 1400, Mhz Limit: 1700
Processor Information for processor 11
  Max Mhz: 1700, Current Mhz: 1400, Mhz Limit: 1700
Processor Information for processor 12
  Max Mhz: 1700, Current Mhz: 1400, Mhz Limit: 1700
Processor Information for processor 13
  Max Mhz: 1700, Current Mhz: 1400, Mhz Limit: 1700
Processor Information for processor 14
  Max Mhz: 1700, Current Mhz: 1400, Mhz Limit: 1700
Processor Information for processor 15
  Max Mhz: 1700, Current Mhz: 1400, Mhz Limit: 1700

Memory: 4k page, system-wide physical 15591M (1556M free)
TotalPageFile size 19687M (AvailPageFile size 15M)
current process WorkingSet (physical memory assigned to process): 34M, peak: 34M
current process commit charge ("private bytes"): 214M, peak: 215M

vm_info: OpenJDK 64-Bit Server VM (21.0.6+8-b631.39) for windows-amd64 JRE (21.0.6+8-b631.39), built on 2025-02-04 by "builduser" with MS VC++ 16.10 / 16.11 (VS2019)

END.
