#
# There is insufficient memory for the Java Runtime Environment to continue.
# Native memory allocation (mmap) failed to map 255852544 bytes. Error detail: G1 virtual space
# Possible reasons:
#   The system is out of physical RAM or swap space
#   This process is running with CompressedOops enabled, and the Java Heap may be blocking the growth of the native heap
# Possible solutions:
#   Reduce memory load on the system
#   Increase physical memory or swap space
#   Check if swap backing store is full
#   Decrease Java heap size (-Xmx/-Xms)
#   Decrease number of Java threads
#   Decrease Java thread stack sizes (-Xss)
#   Set larger code cache with -XX:ReservedCodeCacheSize=
#   JVM is running with Zero Based Compressed Oops mode in which the Java heap is
#     placed in the first 32GB address space. The Java Heap base address is the
#     maximum limit for the native heap growth. Please use -XX:HeapBaseMinAddress
#     to set the Java Heap base and to place the Java Heap above 32GB virtual address.
# This output file may be truncated or incomplete.
#
#  Out of Memory Error (os_windows.cpp:3710), pid=15056, tid=12068
#
# JRE version:  (17.0.15+6) (build )
# Java VM: OpenJDK 64-Bit Server VM (17.0.15+6-LTS, mixed mode, emulated-client, sharing, tiered, compressed oops, compressed class ptrs, g1 gc, windows-amd64)
# No core dump will be written. Minidumps are not enabled by default on client versions of Windows
#

---------------  S U M M A R Y ------------

Command Line: -XX:TieredStopAtLevel=1 -Dspring.output.ansi.enabled=always -Dcom.sun.management.jmxremote -Dspring.jmx.enabled=true -Dspring.liveBeansView.mbeanDomain -Dspring.application.admin.enabled=true -Dmanagement.endpoints.jmx.exposure.include=* -javaagent:C:\Program Files\JetBrains\IntelliJ IDEA 2024.3.5\lib\idea_rt.jar=61323 -Dfile.encoding=UTF-8 practice.crudapi.SangjunCrudApiApplication

Host: AMD Ryzen 7 PRO 4750U with Radeon Graphics, 16 cores, 15G,  Windows 10 , 64 bit Build 19041 (10.0.19041.5678)
Time: Sat May 17 01:48:51 2025  Windows 10 , 64 bit Build 19041 (10.0.19041.5678) elapsed time: 0.020043 seconds (0d 0h 0m 0s)

---------------  T H R E A D  ---------------

Current thread (0x000001c385011c00):  JavaThread "Unknown thread" [_thread_in_vm, id=12068, stack(0x0000002c16e00000,0x0000002c16f00000)]

Stack: [0x0000002c16e00000,0x0000002c16f00000]
Native frames: (J=compiled Java code, j=interpreted, Vv=VM code, C=native code)
V  [jvm.dll+0x6887a9]
V  [jvm.dll+0x83f5a8]
V  [jvm.dll+0x841053]
V  [jvm.dll+0x8416c3]
V  [jvm.dll+0x2496ef]
V  [jvm.dll+0x6856e9]
V  [jvm.dll+0x679b7a]
V  [jvm.dll+0x30b0d7]
V  [jvm.dll+0x312646]
V  [jvm.dll+0x36300e]
V  [jvm.dll+0x36324d]
V  [jvm.dll+0x2e236c]
V  [jvm.dll+0x2e3284]
V  [jvm.dll+0x8114db]
V  [jvm.dll+0x370d21]
V  [jvm.dll+0x7f011f]
V  [jvm.dll+0x3f781e]
V  [jvm.dll+0x3f9351]
C  [jli.dll+0x52a0]
C  [ucrtbase.dll+0x21bb2]
C  [KERNEL32.DLL+0x17374]
C  [ntdll.dll+0x4cc91]


---------------  P R O C E S S  ---------------

Threads class SMR info:
_java_thread_list=0x00007ff8517aefd8, length=0, elements={
}

Java Threads: ( => current thread )

Other Threads:
  0x000001c38507ae00 GCTaskThread "GC Thread#0" [stack: 0x0000002c16f00000,0x0000002c17000000] [id=28768]
  0x000001c38508c0f0 ConcurrentGCThread "G1 Main Marker" [stack: 0x0000002c17000000,0x0000002c17100000] [id=8516]
  0x000001c38508cb10 ConcurrentGCThread "G1 Conc#0" [stack: 0x0000002c17100000,0x0000002c17200000] [id=22400]

[error occurred during error reporting (printing all threads), id 0xc0000005, EXCEPTION_ACCESS_VIOLATION (0xc0000005) at pc=0x00007ff850f62ec7]

VM state: not at safepoint (not fully initialized)

VM Mutex/Monitor currently owned by a thread:  ([mutex/lock_event])
[0x000001c38500c920] Heap_lock - owner thread: 0x000001c385011c00

Heap address: 0x000000070c600000, size: 3898 MB, Compressed Oops mode: Zero based, Oop shift amount: 3

CDS archive(s) mapped at: [0x0000000000000000-0x0000000000000000-0x0000000000000000), size 0, SharedBaseAddress: 0x0000000800000000, ArchiveRelocationMode: 1.
Narrow klass base: 0x0000000000000000, Narrow klass shift: 0, Narrow klass range: 0x0

GC Precious Log:
<Empty>

Heap:
 garbage-first heap   total 0K, used 0K [0x000000070c600000, 0x0000000800000000)
  region size 2048K, 0 young (0K), 0 survivors (0K)

[error occurred during error reporting (printing heap information), id 0xc0000005, EXCEPTION_ACCESS_VIOLATION (0xc0000005) at pc=0x00007ff851352339]

GC Heap History (0 events):
No events

Dll operation events (1 events):
Event: 0.014 Loaded shared library C:\Users\tedtid\.jdks\ms-17.0.15\bin\java.dll

Deoptimization events (0 events):
No events

Classes loaded (0 events):
No events

Classes unloaded (0 events):
No events

Classes redefined (0 events):
No events

Internal exceptions (0 events):
No events

VM Operations (0 events):
No events

Memory protections (0 events):
No events

Nmethod flushes (0 events):
No events

Events (0 events):
No events


Dynamic libraries:
0x00007ff768b60000 - 0x00007ff768b6e000 	C:\Users\tedtid\.jdks\ms-17.0.15\bin\java.exe
0x00007ff8c70d0000 - 0x00007ff8c72c8000 	C:\WINDOWS\SYSTEM32\ntdll.dll
0x00007ff8c61e0000 - 0x00007ff8c62a2000 	C:\WINDOWS\System32\KERNEL32.DLL
0x00007ff8c4c40000 - 0x00007ff8c4f36000 	C:\WINDOWS\System32\KERNELBASE.dll
0x00007ff8c49e0000 - 0x00007ff8c4ae0000 	C:\WINDOWS\System32\ucrtbase.dll
0x00007ff8b4e20000 - 0x00007ff8b4e37000 	C:\Users\tedtid\.jdks\ms-17.0.15\bin\jli.dll
0x00007ff8b2a60000 - 0x00007ff8b2a7d000 	C:\Users\tedtid\.jdks\ms-17.0.15\bin\VCRUNTIME140.dll
0x00007ff8c5180000 - 0x00007ff8c531d000 	C:\WINDOWS\System32\USER32.dll
0x00007ff8c5010000 - 0x00007ff8c5032000 	C:\WINDOWS\System32\win32u.dll
0x00007ff8c6310000 - 0x00007ff8c633b000 	C:\WINDOWS\System32\GDI32.dll
0x00007ff8c47e0000 - 0x00007ff8c48fa000 	C:\WINDOWS\System32\gdi32full.dll
0x00007ff8c4f40000 - 0x00007ff8c4fdd000 	C:\WINDOWS\System32\msvcp_win.dll
0x00007ff8b37b0000 - 0x00007ff8b3a4a000 	C:\WINDOWS\WinSxS\amd64_microsoft.windows.common-controls_6595b64144ccf1df_6.0.19041.4355_none_60b8b9eb71f62e16\COMCTL32.dll
0x00007ff8c6db0000 - 0x00007ff8c6e4e000 	C:\WINDOWS\System32\msvcrt.dll
0x00007ff8c6d80000 - 0x00007ff8c6daf000 	C:\WINDOWS\System32\IMM32.DLL
0x00007ff8bfdf0000 - 0x00007ff8bfdfc000 	C:\Users\tedtid\.jdks\ms-17.0.15\bin\vcruntime140_1.dll
0x00007ff889600000 - 0x00007ff88968d000 	C:\Users\tedtid\.jdks\ms-17.0.15\bin\msvcp140.dll
0x00007ff850c70000 - 0x00007ff8518e2000 	C:\Users\tedtid\.jdks\ms-17.0.15\bin\server\jvm.dll
0x00007ff8c6bd0000 - 0x00007ff8c6c7f000 	C:\WINDOWS\System32\ADVAPI32.dll
0x00007ff8c6e50000 - 0x00007ff8c6eef000 	C:\WINDOWS\System32\sechost.dll
0x00007ff8c6aa0000 - 0x00007ff8c6bc3000 	C:\WINDOWS\System32\RPCRT4.dll
0x00007ff8c4fe0000 - 0x00007ff8c5007000 	C:\WINDOWS\System32\bcrypt.dll
0x00007ff8c6340000 - 0x00007ff8c63ab000 	C:\WINDOWS\System32\WS2_32.dll
0x00007ff8b7650000 - 0x00007ff8b7677000 	C:\WINDOWS\SYSTEM32\WINMM.dll
0x00007ff8bae50000 - 0x00007ff8bae5a000 	C:\WINDOWS\SYSTEM32\VERSION.dll
0x00007ff8c4170000 - 0x00007ff8c41bb000 	C:\WINDOWS\SYSTEM32\POWRPROF.dll
0x00007ff8c4150000 - 0x00007ff8c4162000 	C:\WINDOWS\SYSTEM32\UMPDC.dll
0x00007ff8c2780000 - 0x00007ff8c2792000 	C:\WINDOWS\SYSTEM32\kernel.appcore.dll
0x00007ff8b93a0000 - 0x00007ff8b93aa000 	C:\Users\tedtid\.jdks\ms-17.0.15\bin\jimage.dll
0x00007ff8c1e00000 - 0x00007ff8c1fe4000 	C:\WINDOWS\SYSTEM32\DBGHELP.DLL
0x00007ff8b29e0000 - 0x00007ff8b2a14000 	C:\WINDOWS\SYSTEM32\dbgcore.DLL
0x00007ff8c4950000 - 0x00007ff8c49d2000 	C:\WINDOWS\System32\bcryptPrimitives.dll
0x00007ff8b4eb0000 - 0x00007ff8b4ebe000 	C:\Users\tedtid\.jdks\ms-17.0.15\bin\instrument.dll
0x00007ff89c910000 - 0x00007ff89c935000 	C:\Users\tedtid\.jdks\ms-17.0.15\bin\java.dll

dbghelp: loaded successfully - version: 4.0.5 - missing functions: none
symbol engine: initialized successfully - sym options: 0x614 - pdb path: .;C:\Users\tedtid\.jdks\ms-17.0.15\bin;C:\WINDOWS\SYSTEM32;C:\WINDOWS\WinSxS\amd64_microsoft.windows.common-controls_6595b64144ccf1df_6.0.19041.4355_none_60b8b9eb71f62e16;C:\Users\tedtid\.jdks\ms-17.0.15\bin\server

VM Arguments:
jvm_args: -XX:TieredStopAtLevel=1 -Dspring.output.ansi.enabled=always -Dcom.sun.management.jmxremote -Dspring.jmx.enabled=true -Dspring.liveBeansView.mbeanDomain -Dspring.application.admin.enabled=true -Dmanagement.endpoints.jmx.exposure.include=* -javaagent:C:\Program Files\JetBrains\IntelliJ IDEA 2024.3.5\lib\idea_rt.jar=61323 -Dfile.encoding=UTF-8 
java_command: practice.crudapi.SangjunCrudApiApplication
java_class_path (initial): C:\Users\tedtid\Desktop\cow\COW\week8\sangjun-crud-api\build\classes\java\main;C:\Users\tedtid\Desktop\cow\COW\week8\sangjun-crud-api\build\resources\main;C:\Users\tedtid\.gradle\caches\modules-2\files-2.1\org.projectlombok\lombok\1.18.38\57f8f5e02e92a30fd21b80cbd426a4172b5f8e29\lombok-1.18.38.jar;C:\Users\tedtid\.gradle\caches\modules-2\files-2.1\org.springframework.boot\spring-boot-starter-data-jpa\3.4.5\c6ef06dfef1b02f3e3f82d67118d3944672e7d49\spring-boot-starter-data-jpa-3.4.5.jar;C:\Users\tedtid\.gradle\caches\modules-2\files-2.1\org.springframework.boot\spring-boot-starter-jdbc\3.4.5\e361f635454d0694547cc226ece3aa10fde7ff2b\spring-boot-starter-jdbc-3.4.5.jar;C:\Users\tedtid\.gradle\caches\modules-2\files-2.1\org.springframework.boot\spring-boot-starter-web\3.4.5\54cb03e8615f0c10cd44b5b7d155af3d0be7d66a\spring-boot-starter-web-3.4.5.jar;C:\Users\tedtid\.gradle\caches\modules-2\files-2.1\org.springframework.boot\spring-boot-starter\3.4.5\3b1cd30bd3be52f5fd0c0934882ec86ed4457646\spring-boot-starter-3.4.5.jar;C:\Users\tedtid\.gradle\caches\modules-2\files-2.1\org.hibernate.orm\hibernate-core\6.6.13.Final\e7f1b2d53e89b9863dca12cd5f1b261ba413415b\hibernate-core-6.6.13.Final.jar;C:\Users\tedtid\.gradle\caches\modules-2\files-2.1\org.springframework.data\spring-data-jpa\3.4.5\40000309bebdc0e4e284211701f039eb5b1fb1a6\spring-data-jpa-3.4.5.jar;C:\Users\tedtid\.gradle\caches\modules-2\files-2.1\org.springframework\spring-aspects\6.2.6\2bb7fe48b4fef28af71be32815200c19ac95f783\spring-aspects-6.2.6.jar;C:\Users\tedtid\.gradle\caches\modules-2\files-2.1\com.zaxxer\HikariCP\5.1.0\8c96e36c14461fc436bb02b264b96ef3ca5dca8c\HikariCP-5.1.0.jar;C:\Users\tedtid\.gradle\caches\modules-2\files-2.1\org.springframework\spring-jdbc\6.2.6\529137b0f92d8cfd13876e6aa8df9088246b4755\spring-jdbc-6.2.6.jar;C:\Users\tedtid\.gradle\caches\modules-2\files-2.1\org.springframework.boot\spring-boot-starter-json\3.4.5\b7a87d4565c99754e0fcf4da405ebe3ab0870c88\spring-boot-st
Launcher Type: SUN_STANDARD

[Global flags]
     intx CICompilerCount                          = 12                                        {product} {ergonomic}
     uint ConcGCThreads                            = 3                                         {product} {ergonomic}
     uint G1ConcRefinementThreads                  = 13                                        {product} {ergonomic}
   size_t G1HeapRegionSize                         = 2097152                                   {product} {ergonomic}
    uintx GCDrainStackTargetSize                   = 64                                        {product} {ergonomic}
   size_t InitialHeapSize                          = 255852544                                 {product} {ergonomic}
     bool ManagementServer                         = true                                      {product} {command line}
   size_t MarkStackSize                            = 4194304                                   {product} {ergonomic}
   size_t MaxHeapSize                              = 4087349248                                {product} {ergonomic}
   size_t MinHeapDeltaBytes                        = 2097152                                   {product} {ergonomic}
   size_t MinHeapSize                              = 8388608                                   {product} {ergonomic}
    uintx NonProfiledCodeHeapSize                  = 0                                      {pd product} {ergonomic}
     bool ProfileInterpreter                       = false                                  {pd product} {command line}
    uintx ProfiledCodeHeapSize                     = 0                                      {pd product} {ergonomic}
   size_t SoftMaxHeapSize                          = 4087349248                             {manageable} {ergonomic}
     intx TieredStopAtLevel                        = 1                                         {product} {command line}
     bool UseCompressedClassPointers               = true                           {product lp64_product} {ergonomic}
     bool UseCompressedOops                        = true                           {product lp64_product} {ergonomic}
     bool UseG1GC                                  = true                                      {product} {ergonomic}
     bool UseLargePagesIndividualAllocation        = false                                  {pd product} {ergonomic}

Logging:
Log output configuration:
 #0: stdout all=warning uptime,level,tags
 #1: stderr all=off uptime,level,tags

Environment Variables:
PATH=D:\app\tedtid\product\12.1.0\dbhome_1\bin;C:\Program Files\Common Files\Oracle\Java\javapath;C:\Program Files (x86)\Common Files\Oracle\Java\javapath;C:\Program Files\Microsoft MPI\Bin\;C:\Program Files (x86)\VMware\VMware Workstation\bin\;C:\WINDOWS\system32;C:\WINDOWS;C:\WINDOWS\System32\Wbem;C:\WINDOWS\System32\WindowsPowerShell\v1.0\;C:\WINDOWS\System32\OpenSSH\;C:\Program Files\Microsoft SQL Server\130\Tools\Binn\;C:\Program Files\Microsoft SQL Server\Client SDK\ODBC\170\Tools\Binn\;C:\Program Files (x86)\Microsoft SQL Server\150\Tools\Binn\;C:\Program Files\Microsoft SQL Server\150\Tools\Binn\;C:\Program Files\Microsoft SQL Server\150\DTS\Binn\;C:\Program Files\Azure Data Studio\bin;C:\Program Files\Java\jdk-21\bin;C:\Program Files\Git\cmd;C:\Program Files\Docker\Docker\resources\bin;C:\Users\tedtid\AppData\Local\Microsoft\WindowsApps;C:\Users\tedtid\AppData\Local\Programs\Microsoft VS Code\bin;C:\Users\tedtid\AppData\Local\SOOP
USERNAME=tedtid
OS=Windows_NT
PROCESSOR_IDENTIFIER=AMD64 Family 23 Model 96 Stepping 1, AuthenticAMD
TMP=C:\Users\tedtid\AppData\Local\Temp
TEMP=C:\Users\tedtid\AppData\Local\Temp



Periodic native trim disabled


---------------  S Y S T E M  ---------------

OS:
 Windows 10 , 64 bit Build 19041 (10.0.19041.5678)
OS uptime: 2 days 23:20 hours
Hyper-V role detected

CPU: total 16 (initial active 16) (16 cores per cpu, 2 threads per core) family 23 model 96 stepping 1 microcode 0x0, cx8, cmov, fxsr, ht, mmx, 3dnowpref, sse, sse2, sse3, ssse3, sse4a, sse4.1, sse4.2, popcnt, lzcnt, tsc, tscinvbit, avx, avx2, aes, clmul, bmi1, bmi2, adx, sha, fma, vzeroupper, clflush, clflushopt, hv
Processor Information for the first 16 processors :
  Max Mhz: 1700, Current Mhz: 1700, Mhz Limit: 1700

Memory: 4k page, system-wide physical 15591M (2070M free)
TotalPageFile size 19687M (AvailPageFile size 95M)
current process WorkingSet (physical memory assigned to process): 10M, peak: 10M
current process commit charge ("private bytes"): 66M, peak: 309M

vm_info: OpenJDK 64-Bit Server VM (17.0.15+6-LTS) for windows-amd64 JRE (17.0.15+6-LTS), built on Apr  9 2025 22:27:25 by "MicrosoftCorporation" with unknown MS VC++:1939

END.
